     diagonalizing the dynamical matrix ...

 q =       0.0000      0.0000      0.0000
 **************************************************************************
     freq (    1) =      -0.000000 [THz] =      -0.000006 [cm-1]
 ( -0.000422   0.000000     0.003958   0.000000     0.447196   0.000000   )
 ( -0.000422   0.000000     0.003958   0.000000     0.447196   0.000000   )
 ( -0.000422   0.000000     0.003958   0.000000     0.447196   0.000000   )
 ( -0.000422   0.000000     0.003958   0.000000     0.447196   0.000000   )
 ( -0.000422   0.000000     0.003958   0.000000     0.447196   0.000000   )
     freq (    2) =      -0.000000 [THz] =      -0.000004 [cm-1]
 ( -0.021421   0.000000    -0.446683   0.000000     0.003933   0.000000   )
 ( -0.021421   0.000000    -0.446683   0.000000     0.003933   0.000000   )
 ( -0.021421   0.000000    -0.446683   0.000000     0.003933   0.000000   )
 ( -0.021421   0.000000    -0.446683   0.000000     0.003933   0.000000   )
 ( -0.021421   0.000000    -0.446683   0.000000     0.003933   0.000000   )
     freq (    3) =       0.000000 [THz] =       0.000005 [cm-1]
 (  0.446700   0.000000    -0.021417   0.000000     0.000612   0.000000   )
 (  0.446700   0.000000    -0.021417   0.000000     0.000612   0.000000   )
 (  0.446700   0.000000    -0.021417   0.000000     0.000612   0.000000   )
 (  0.446700   0.000000    -0.021417   0.000000     0.000612   0.000000   )
 (  0.446700   0.000000    -0.021417   0.000000     0.000612   0.000000   )
     freq (    4) =       2.962354 [THz] =      98.813490 [cm-1]
 ( -0.000000   0.000000    -0.000465   0.000000     0.000000   0.000000   )
 ( -0.000000   0.000000     0.685497   0.000000    -0.000000   0.000000   )
 (  0.000000   0.000000    -0.726913   0.000000    -0.000000   0.000000   )
 (  0.000000   0.000000     0.038993   0.000000     0.000000   0.000000   )
 ( -0.000000   0.000000     0.013106   0.000000    -0.000000   0.000000   )
     freq (    5) =       2.987004 [THz] =      99.635742 [cm-1]
 (  0.687482   0.000000     0.000000   0.000000     0.000000   0.000000   )
 ( -0.004654   0.000000     0.000000   0.000000    -0.000000   0.000000   )
 ( -0.725016   0.000000    -0.000000   0.000000     0.000000   0.000000   )
 (  0.040480   0.000000    -0.000000   0.000000    -0.000000   0.000000   )
 (  0.007753   0.000000     0.000000   0.000000     0.000000   0.000000   )
     freq (    6) =       3.130963 [THz] =     104.437687 [cm-1]
 ( -0.000000   0.000000    -0.000000   0.000000     0.709047   0.000000   )
 (  0.000000   0.000000    -0.000000   0.000000    -0.705121   0.000000   )
 ( -0.000000   0.000000     0.000000   0.000000    -0.004500   0.000000   )
 ( -0.000000   0.000000     0.000000   0.000000     0.001833   0.000000   )
 (  0.000000   0.000000     0.000000   0.000000    -0.005711   0.000000   )
     freq (    7) =       4.516242 [THz] =     150.645631 [cm-1]
 (  0.101547   0.000000     0.000000   0.000000     0.000000   0.000000   )
 ( -0.575079   0.000000    -0.000000   0.000000    -0.000000   0.000000   )
 (  0.125732   0.000000    -0.000000   0.000000     0.000000   0.000000   )
 (  0.488069   0.000000    -0.000000   0.000000    -0.000000   0.000000   )
 ( -0.636359   0.000000     0.000000   0.000000     0.000000   0.000000   )
     freq (    8) =       4.522909 [THz] =     150.868001 [cm-1]
 ( -0.000000   0.000000     0.574500   0.000000     0.000000   0.000000   )
 (  0.000000   0.000000    -0.100394   0.000000    -0.000000   0.000000   )
 ( -0.000000   0.000000    -0.119058   0.000000     0.000000   0.000000   )
 ( -0.000000   0.000000    -0.494636   0.000000    -0.000000   0.000000   )
 (  0.000000   0.000000     0.633270   0.000000     0.000000   0.000000   )
     freq (    9) =       4.681394 [THz] =     156.154502 [cm-1]
 ( -0.000000   0.000000    -0.000000   0.000000    -0.078499   0.000000   )
 (  0.000000   0.000000     0.000000   0.000000    -0.085064   0.000000   )
 ( -0.000000   0.000000     0.000000   0.000000     0.569930   0.000000   )
 ( -0.000000   0.000000     0.000000   0.000000    -0.540400   0.000000   )
 (  0.000000   0.000000    -0.000000   0.000000     0.608071   0.000000   )
     freq (   10) =       5.647470 [THz] =     188.379337 [cm-1]
 ( -0.496829   0.000000     0.000000   0.000000    -0.000000   0.000000   )
 (  0.245891   0.000000    -0.000000   0.000000    -0.000000   0.000000   )
 ( -0.437814   0.000000    -0.000000   0.000000     0.000000   0.000000   )
 (  0.609376   0.000000     0.000000   0.000000     0.000000   0.000000   )
 (  0.360108   0.000000     0.000000   0.000000     0.000000   0.000000   )
     freq (   11) =       5.649161 [THz] =     188.435714 [cm-1]
 ( -0.000000   0.000000    -0.252670   0.000000    -0.000000   0.000000   )
 (  0.000000   0.000000     0.498947   0.000000    -0.000000   0.000000   )
 ( -0.000000   0.000000     0.436897   0.000000     0.000000   0.000000   )
 (  0.000000   0.000000    -0.602798   0.000000     0.000000   0.000000   )
 (  0.000000   0.000000    -0.364644   0.000000     0.000000   0.000000   )
     freq (   12) =       5.766458 [THz] =     192.348341 [cm-1]
 ( -0.000000   0.000000    -0.000000   0.000000     0.469949   0.000000   )
 (  0.000000   0.000000     0.000000   0.000000     0.473735   0.000000   )
 ( -0.000000   0.000000     0.000000   0.000000    -0.300155   0.000000   )
 (  0.000000   0.000000    -0.000000   0.000000    -0.556885   0.000000   )
 (  0.000000   0.000000    -0.000000   0.000000    -0.393077   0.000000   )
     freq (   13) =      21.516578 [THz] =     717.715784 [cm-1]
 (  0.013951   0.000000     0.000000   0.000000     0.000000   0.000000   )
 ( -0.237151   0.000000    -0.000000   0.000000     0.000000   0.000000   )
 (  0.016622   0.000000    -0.000000   0.000000    -0.000000   0.000000   )
 ( -0.007497   0.000000     0.000000   0.000000    -0.000000   0.000000   )
 (  0.971201   0.000000     0.000000   0.000000    -0.000000   0.000000   )
     freq (   14) =      21.726520 [THz] =     724.718695 [cm-1]
 (  0.000000   0.000000    -0.236590   0.000000    -0.000000   0.000000   )
 ( -0.000000   0.000000     0.013488   0.000000     0.000000   0.000000   )
 ( -0.000000   0.000000     0.016337   0.000000     0.000000   0.000000   )
 (  0.000000   0.000000    -0.007343   0.000000    -0.000000   0.000000   )
 (  0.000000   0.000000     0.971351   0.000000     0.000000   0.000000   )
     freq (   15) =      23.158984 [THz] =     772.500551 [cm-1]
 (  0.000000   0.000000    -0.000000   0.000000     0.011925   0.000000   )
 ( -0.000000   0.000000     0.000000   0.000000     0.011716   0.000000   )
 (  0.000000   0.000000     0.000000   0.000000    -0.231528   0.000000   )
 ( -0.000000   0.000000    -0.000000   0.000000    -0.006511   0.000000   )
 (  0.000000   0.000000     0.000000   0.000000     0.972663   0.000000   )
 **************************************************************************
